#
# A fatal error has been detected by the Java Runtime Environment:
#
#  EXCEPTION_ACCESS_VIOLATION (0xc0000005) at pc=0x0000000076ed8d08, pid=4220, tid=0x0000000000000de0
#
# JRE version: Java(TM) SE Runtime Environment (8.0_131-b11) (build 1.8.0_131-b11)
# Java VM: Java HotSpot(TM) 64-Bit Server VM (25.131-b11 mixed mode windows-amd64 compressed oops)
# Problematic frame:
# C  [ntdll.dll+0x18d08]
#
# Failed to write core dump. Minidumps are not enabled by default on client versions of Windows
#
# If you would like to submit a bug report, please visit:
#   http://bugreport.java.com/bugreport/crash.jsp
#

---------------  T H R E A D  ---------------

Current thread (0x00000000002ad800):  JavaThread "main" [_thread_in_Java, id=3552, stack(0x0000000002670000,0x0000000002770000)]

siginfo: ExceptionCode=0xc0000005, reading address 0x0000000002e204ed

Registers:
RAX=0x00000000027746a0, RBX=0x000000000276dcf0, RCX=0x0000000000000000, RDX=0x0000000002a40000
RSP=0x000000000276dbe0, RBP=0x0000000076ff2370, RSI=0x000000000276e580, RDI=0x0000000002a4017c
R8 =0x0000000002e204ed, R9 =0x0000000002a40170, R10=0x0000000000000000, R11=0x000000000276dc98
R12=0x000007fffffd7000, R13=0x0000000002e204ed, R14=0x0000000002a40000, R15=0x0000000002a40170
RIP=0x0000000076ed8d08, EFLAGS=0x0000000000010246

Top of Stack: (sp=0x000000000276dbe0)
0x000000000276dbe0:   000000000276dcb0 0000000000000000
0x000000000276dbf0:   000000000276dcb0 0000000076ff2370
0x000000000276dc00:   000000000276e320 000007fffffd7000
0x000000000276dc10:   0000000076ff2370 0000000000000000
0x000000000276dc20:   0000000000361c70 0000000000000003
0x000000000276dc30:   0000000002763000 0000000002770000
0x000000000276dc40:   000000000276e580 0000000076ceba87
0x000000000276dc50:   0000000000000000 000000000276dce8
0x000000000276dc60:   000007fffffd7000 0000000076f1f86d
0x000000000276dc70:   000000000276e580 000000000276dcf8
0x000000000276dc80:   000000000276dcf0 0000000000000000
0x000000000276dc90:   0000000002763000 000000018005b980
0x000000000276dca0:   000000000276e580 0000000002770000
0x000000000276dcb0:   00000000000127ec 0000000002baf099
0x000000000276dcc0:   000000000276e580 000000000276dcf8
0x000000000276dcd0:   000000000276dcf0 0000000000000000 

Instructions: (pc=0x0000000076ed8d08)
0x0000000076ed8ce8:   0f 85 eb 02 00 00 48 8b b4 24 90 00 00 00 48 8b
0x0000000076ed8cf8:   9c 24 a0 00 00 00 48 8b 86 98 00 00 00 48 89 03
0x0000000076ed8d08:   41 0f b6 4d 00 48 89 6c 24 30 49 8b d5 80 f9 48
0x0000000076ed8d18:   0f 84 e2 01 00 00 0f b6 c1 24 fe 3c 48 0f 84 3a 


Register to memory mapping:

RAX=0x00000000027746a0 is an unknown value
RBX=0x000000000276dcf0 is pointing into the stack for thread: 0x00000000002ad800
RCX=0x0000000000000000 is an unknown value
RDX=0x0000000002a40000 is an unknown value
RSP=0x000000000276dbe0 is pointing into the stack for thread: 0x00000000002ad800
RBP=0x0000000076ff2370 is an unknown value
RSI=0x000000000276e580 is pointing into the stack for thread: 0x00000000002ad800
RDI=0x0000000002a4017c is at code_begin+28 in 
[CodeBlob (0x0000000002a40110)]
Framesize: 0
BufferBlob (0x0000000002a40110) used for CodeCache Exception Handler
R8 =0x0000000002e204ed is an unknown value
R9 =0x0000000002a40170 is at code_begin+16 in 
[CodeBlob (0x0000000002a40110)]
Framesize: 0
BufferBlob (0x0000000002a40110) used for CodeCache Exception Handler
R10=0x0000000000000000 is an unknown value
R11=0x000000000276dc98 is pointing into the stack for thread: 0x00000000002ad800
R12=0x000007fffffd7000 is an unknown value
R13=0x0000000002e204ed is an unknown value
R14=0x0000000002a40000 is an unknown value
R15=0x0000000002a40170 is at code_begin+16 in 
[CodeBlob (0x0000000002a40110)]
Framesize: 0
BufferBlob (0x0000000002a40110) used for CodeCache Exception Handler


Stack: [0x0000000002670000,0x0000000002770000],  sp=0x000000000276dbe0,  free space=1014k
Native frames: (J=compiled Java code, j=interpreted, Vv=VM code, C=native code)
C  [ntdll.dll+0x18d08]
C  [kernel32.dll+0x4ba87]
C  [cygwin1.dll+0x1b980]
C  [cygwin1.dll+0x1cd88]
C  [ntdll.dll+0x198eb]
C  [ntdll.dll+0xd5a7]
C  [ntdll.dll+0x4bcb8]
C  0x0000000002baeed2


---------------  P R O C E S S  ---------------

Java Threads: ( => current thread )
  0x000000005749f000 JavaThread "AWT-Windows" daemon [_thread_in_native, id=464, stack(0x0000000058140000,0x0000000058240000)]
  0x000000005749e800 JavaThread "AWT-Shutdown" [_thread_blocked, id=3380, stack(0x0000000058000000,0x0000000058100000)]
  0x000000005749b800 JavaThread "Java2D Disposer" daemon [_thread_blocked, id=4148, stack(0x0000000057d30000,0x0000000057e30000)]
  0x0000000056bc1000 JavaThread "Service Thread" daemon [_thread_blocked, id=4036, stack(0x0000000057260000,0x0000000057360000)]
  0x000000005530f800 JavaThread "C1 CompilerThread2" daemon [_thread_blocked, id=1676, stack(0x00000000570e0000,0x00000000571e0000)]
  0x000000005530e000 JavaThread "C2 CompilerThread1" daemon [_thread_blocked, id=5024, stack(0x00000000566a0000,0x00000000567a0000)]
  0x0000000055308800 JavaThread "C2 CompilerThread0" daemon [_thread_blocked, id=5804, stack(0x0000000056a40000,0x0000000056b40000)]
  0x0000000055304000 JavaThread "Attach Listener" daemon [_thread_blocked, id=3512, stack(0x0000000056910000,0x0000000056a10000)]
  0x0000000055300800 JavaThread "Signal Dispatcher" daemon [_thread_blocked, id=1924, stack(0x00000000567e0000,0x00000000568e0000)]
  0x00000000552e9000 JavaThread "Finalizer" daemon [_thread_blocked, id=3288, stack(0x0000000056380000,0x0000000056480000)]
  0x00000000552a2000 JavaThread "Reference Handler" daemon [_thread_blocked, id=3672, stack(0x00000000564d0000,0x00000000565d0000)]
=>0x00000000002ad800 JavaThread "main" [_thread_in_Java, id=3552, stack(0x0000000002670000,0x0000000002770000)]

Other Threads:
  0x000000005529a800 VMThread [stack: 0x0000000056220000,0x0000000056320000] [id=4824]
  0x0000000056bec000 WatcherThread [stack: 0x0000000057390000,0x0000000057490000] [id=4320]

VM state:not at safepoint (normal execution)

VM Mutex/Monitor currently owned by a thread: None

Heap:
 PSYoungGen      total 18944K, used 2950K [0x00000000eae00000, 0x00000000ec300000, 0x0000000100000000)
  eden space 16384K, 18% used [0x00000000eae00000,0x00000000eb0e1b80,0x00000000ebe00000)
  from space 2560K, 0% used [0x00000000ec080000,0x00000000ec080000,0x00000000ec300000)
  to   space 2560K, 0% used [0x00000000ebe00000,0x00000000ebe00000,0x00000000ec080000)
 ParOldGen       total 44032K, used 0K [0x00000000c0a00000, 0x00000000c3500000, 0x00000000eae00000)
  object space 44032K, 0% used [0x00000000c0a00000,0x00000000c0a00000,0x00000000c3500000)
 Metaspace       used 6169K, capacity 6344K, committed 6528K, reserved 1056768K
  class space    used 704K, capacity 793K, committed 896K, reserved 1048576K

Card table byte_map: [0x0000000011e00000,0x0000000012000000] byte_map_base: 0x00000000117fb000

Marking Bits: (ParMarkBitMap*) 0x000000006131c720
 Begin Bits: [0x0000000012760000, 0x0000000013738000)
 End Bits:   [0x0000000013738000, 0x0000000014710000)

Polling page: 0x0000000000250000

CodeCache: size=245760Kb used=1547Kb max_used=1547Kb free=244212Kb
 bounds [0x0000000002a40000, 0x0000000002cb0000, 0x0000000011a40000]
 total_blobs=579 nmethods=237 adapters=255
 compilation: enabled

Compilation events (10 events):
Event: 0.263 Thread 0x000000005530f800  231       3       java.util.HashMap::get (23 bytes)
Event: 0.263 Thread 0x000000005530f800 nmethod 231 0x0000000002bc1150 code [0x0000000002bc12e0, 0x0000000002bc16d8]
Event: 0.263 Thread 0x000000005530f800  235       3       java.util.IdentityHashMap$IdentityHashMapIterator::hasNext (50 bytes)
Event: 0.263 Thread 0x000000005530f800 nmethod 235 0x0000000002bc1850 code [0x0000000002bc19c0, 0x0000000002bc1c50]
Event: 0.263 Thread 0x000000005530f800  236       3       java.util.AbstractMap::<init> (5 bytes)
Event: 0.263 Thread 0x000000005530f800 nmethod 236 0x0000000002bc1d50 code [0x0000000002bc1ea0, 0x0000000002bc2050]
Event: 0.263 Thread 0x000000005530f800  237       3       sun.awt.AppContext::getAppContext (51 bytes)
Event: 0.263 Thread 0x000000005530f800 nmethod 237 0x0000000002bc2110 code [0x0000000002bc22c0, 0x0000000002bc2918]
Event: 0.263 Thread 0x000000005530f800  234       1       java.util.concurrent.atomic.AtomicInteger::get (5 bytes)
Event: 0.263 Thread 0x000000005530f800 nmethod 234 0x0000000002bc2a90 code [0x0000000002bc2be0, 0x0000000002bc2cf0]

GC Heap History (0 events):
No events

Deoptimization events (0 events):
No events

Internal exceptions (10 events):
Event: 0.053 Thread 0x00000000002ad800 Exception <a 'java/lang/NoSuchMethodError': Method sun.misc.Unsafe.prefetchRead(Ljava/lang/Object;J)V name or signature does not match> (0x00000000eae07f90) thrown at [C:\re\workspace\8-2-build-windows-amd64-cygwin\jdk8u131\8869\hotspot\src\share\vm\prims
Event: 0.117 Thread 0x00000000002ad800 Exception <a 'java/security/PrivilegedActionException'> (0x00000000eae8b4d8) thrown at [C:\re\workspace\8-2-build-windows-amd64-cygwin\jdk8u131\8869\hotspot\src\share\vm\prims\jvm.cpp, line 1390]
Event: 0.117 Thread 0x00000000002ad800 Exception <a 'java/security/PrivilegedActionException'> (0x00000000eae8b6e8) thrown at [C:\re\workspace\8-2-build-windows-amd64-cygwin\jdk8u131\8869\hotspot\src\share\vm\prims\jvm.cpp, line 1390]
Event: 0.118 Thread 0x00000000002ad800 Exception <a 'java/security/PrivilegedActionException'> (0x00000000eae8f5f8) thrown at [C:\re\workspace\8-2-build-windows-amd64-cygwin\jdk8u131\8869\hotspot\src\share\vm\prims\jvm.cpp, line 1390]
Event: 0.118 Thread 0x00000000002ad800 Exception <a 'java/security/PrivilegedActionException'> (0x00000000eae8f808) thrown at [C:\re\workspace\8-2-build-windows-amd64-cygwin\jdk8u131\8869\hotspot\src\share\vm\prims\jvm.cpp, line 1390]
Event: 0.123 Thread 0x00000000002ad800 Exception <a 'java/io/FileNotFoundException'> (0x00000000eae91e20) thrown at [C:\re\workspace\8-2-build-windows-amd64-cygwin\jdk8u131\8869\hotspot\src\share\vm\prims\jni.cpp, line 709]
Event: 0.153 Thread 0x00000000002ad800 Exception <a 'java/lang/NoSuchFieldError': method resolution failed> (0x00000000eafb1a28) thrown at [C:\re\workspace\8-2-build-windows-amd64-cygwin\jdk8u131\8869\hotspot\src\share\vm\prims\methodHandles.cpp, line 1146]
Event: 0.155 Thread 0x00000000002ad800 Exception <a 'java/lang/NoSuchFieldError': method resolution failed> (0x00000000eafbedf8) thrown at [C:\re\workspace\8-2-build-windows-amd64-cygwin\jdk8u131\8869\hotspot\src\share\vm\prims\methodHandles.cpp, line 1146]
Event: 0.189 Thread 0x00000000002ad800 Exception <a 'java/io/FileNotFoundException'> (0x00000000eb052b48) thrown at [C:\re\workspace\8-2-build-windows-amd64-cygwin\jdk8u131\8869\hotspot\src\share\vm\prims\jni.cpp, line 709]
Event: 0.265 Thread 0x00000000002ad800 Implicit null exception at 0x0000000002baeed2 to 0x0000000002baf099

Events (10 events):
Event: 0.264 loading class javax/swing/UIManager$1
Event: 0.264 loading class javax/swing/UIManager$1 done
Event: 0.264 loading class javax/swing/plaf/metal/MetalLookAndFeel
Event: 0.264 loading class javax/swing/plaf/basic/BasicLookAndFeel
Event: 0.265 loading class javax/swing/LookAndFeel
Event: 0.265 loading class javax/swing/LookAndFeel done
Event: 0.265 loading class javax/swing/plaf/basic/BasicLookAndFeel done
Event: 0.265 loading class javax/swing/plaf/metal/MetalLookAndFeel done
Event: 0.265 loading class sun/swing/DefaultLookup
Event: 0.265 loading class sun/swing/DefaultLookup done


Dynamic libraries:
0x000000013fe40000 - 0x000000013fe77000 	C:\Program Files\Java\jdk1.8.0_131\bin\java.exe
0x0000000076ec0000 - 0x000000007706a000 	C:\Windows\SYSTEM32\ntdll.dll
0x0000000076ca0000 - 0x0000000076dbf000 	C:\Windows\system32\kernel32.dll
0x000007fefcd50000 - 0x000007fefcdba000 	C:\Windows\system32\KERNELBASE.dll
0x000007fefeb10000 - 0x000007fefebeb000 	C:\Windows\system32\ADVAPI32.dll
0x000007fefd4a0000 - 0x000007fefd53f000 	C:\Windows\system32\msvcrt.dll
0x000007fefd540000 - 0x000007fefd55f000 	C:\Windows\SYSTEM32\sechost.dll
0x000007fefdbf0000 - 0x000007fefdd1d000 	C:\Windows\system32\RPCRT4.dll
0x0000000076dc0000 - 0x0000000076eba000 	C:\Windows\system32\USER32.dll
0x000007fefdb80000 - 0x000007fefdbe7000 	C:\Windows\system32\GDI32.dll
0x000007fefd8f0000 - 0x000007fefd8fe000 	C:\Windows\system32\LPK.dll
0x000007fefd080000 - 0x000007fefd14b000 	C:\Windows\system32\USP10.dll
0x000007fefb280000 - 0x000007fefb474000 	C:\Windows\WinSxS\amd64_microsoft.windows.common-controls_6595b64144ccf1df_6.0.7601.18837_none_fa3b1e3d17594757\COMCTL32.dll
0x000007fefd150000 - 0x000007fefd1c1000 	C:\Windows\system32\SHLWAPI.dll
0x000007fefdb50000 - 0x000007fefdb7e000 	C:\Windows\system32\IMM32.DLL
0x000007fefcf70000 - 0x000007fefd079000 	C:\Windows\system32\MSCTF.dll
0x0000000180000000 - 0x000000018001f000 	C:\Windows\system32\privman64.dll
0x000007fefca70000 - 0x000007fefca7c000 	C:\Windows\system32\VERSION.dll
0x000007fefdd80000 - 0x000007fefeb0b000 	C:\Windows\system32\SHELL32.dll
0x0000000074850000 - 0x0000000074923000 	C:\Windows\WinSxS\amd64_microsoft.vc90.crt_1fc8b3b9a1e18e3b_9.0.30729.6161_none_08e61857a83bc251\MSVCP90.dll
0x00000000747a0000 - 0x0000000074843000 	C:\Windows\WinSxS\amd64_microsoft.vc90.crt_1fc8b3b9a1e18e3b_9.0.30729.6161_none_08e61857a83bc251\MSVCR90.dll
0x0000000067760000 - 0x0000000067832000 	C:\Program Files\Java\jdk1.8.0_131\jre\bin\msvcr100.dll
0x0000000060b00000 - 0x000000006139c000 	C:\Program Files\Java\jdk1.8.0_131\jre\bin\server\jvm.dll
0x000007fef8b90000 - 0x000007fef8b99000 	C:\Windows\system32\WSOCK32.dll
0x000007fefd740000 - 0x000007fefd78d000 	C:\Windows\system32\WS2_32.dll
0x000007fefefc0000 - 0x000007fefefc8000 	C:\Windows\system32\NSI.dll
0x000007fef9df0000 - 0x000007fef9e2b000 	C:\Windows\system32\WINMM.dll
0x0000000077090000 - 0x0000000077097000 	C:\Windows\system32\PSAPI.DLL
0x000000006bab0000 - 0x000000006babf000 	C:\Program Files\Java\jdk1.8.0_131\jre\bin\verify.dll
0x00000000678b0000 - 0x00000000678d9000 	C:\Program Files\Java\jdk1.8.0_131\jre\bin\java.dll
0x0000000067d90000 - 0x0000000067da6000 	C:\Program Files\Java\jdk1.8.0_131\jre\bin\zip.dll
0x000007fefefd0000 - 0x000007feff1cc000 	C:\Windows\system32\ole32.dll
0x000007fefcbc0000 - 0x000007fefcbcf000 	C:\Windows\system32\profapi.dll
0x0000000538ab0000 - 0x0000000538ac8000 	C:\Users\andmcnut\Documents\NetBeansProjects\Physics\src\physics\launcher.dll
0x0000000180040000 - 0x0000000180610000 	C:\cygwin64\bin\cygwin1.dll
0x00000003f4670000 - 0x00000003f468a000 	C:\cygwin64\bin\cyggcc_s-seh-1.dll
0x00000003eaa80000 - 0x00000003eabd2000 	C:\cygwin64\bin\cygstdc++-6.dll
0x00000000669d0000 - 0x0000000066b68000 	C:\Program Files\Java\jdk1.8.0_131\jre\bin\awt.dll
0x000007fefd810000 - 0x000007fefd8ea000 	C:\Windows\system32\OLEAUT32.dll
0x000007fefaaf0000 - 0x000007fefab08000 	C:\Windows\system32\DWMAPI.DLL
0x000007feea1e0000 - 0x000007feea2fd000 	C:\Windows\system32\opengl32.dll
0x000007fef0a40000 - 0x000007fef0a6d000 	C:\Windows\system32\GLU32.dll
0x000007fee9ec0000 - 0x000007fee9fb1000 	C:\Windows\system32\DDRAW.dll
0x000007fef0fb0000 - 0x000007fef0fb8000 	C:\Windows\system32\DCIMAN32.dll
0x000007fefd560000 - 0x000007fefd737000 	C:\Windows\system32\SETUPAPI.dll
0x000007fefcc20000 - 0x000007fefcc56000 	C:\Windows\system32\CFGMGR32.dll
0x000007fefcdc0000 - 0x000007fefcdda000 	C:\Windows\system32\DEVOBJ.dll
0x000007fefb220000 - 0x000007fefb276000 	C:\Windows\system32\uxtheme.dll
0x000007fefca40000 - 0x000007fefca4f000 	C:\Windows\system32\CRYPTBASE.dll
0x000007fee9330000 - 0x000007fee952f000 	C:\Windows\system32\d3d9.dll
0x000007fef9ac0000 - 0x000007fef9ac7000 	C:\Windows\system32\d3d8thk.dll
0x000007fef9ad0000 - 0x000007fef9ade000 	C:\Windows\system32\atiu9p64.dll
0x00000000650b0000 - 0x00000000657d3000 	C:\Windows\system32\atiumd64.dll
0x0000000064cc0000 - 0x00000000650ac000 	C:\Windows\system32\atiumd6a.dll
0x000007fef89f0000 - 0x000007fef8b15000 	C:\Windows\system32\dbghelp.dll

VM Arguments:
jvm_args: -Dfile.encoding=UTF-8 
java_command: physics.Physics
java_class_path (initial): C:\Users\andmcnut\Documents\NetBeansProjects\Physics\src\include;C:\Users\andmcnut\Documents\NetBeansProjects\Physics\build\classes
Launcher Type: SUN_STANDARD

Environment Variables:
PATH=C:\ProgramData\Oracle\Java\javapath;C:\Windows\system32;C:\Windows;C:\Windows\System32\Wbem;C:\Windows\System32\WindowsPowerShell\v1.0\;C:\Program Files\Java\jdk1.8.0_131\bin;C:\cygwin64\bin
USERNAME=andmcnut
OS=Windows_NT
PROCESSOR_IDENTIFIER=Intel64 Family 6 Model 42 Stepping 7, GenuineIntel



---------------  S Y S T E M  ---------------

OS: Windows 7 , 64 bit Build 7601 (6.1.7601.23807)

CPU:total 4 (initial active 4) (4 cores per cpu, 1 threads per core) family 6 model 42 stepping 7, cmov, cx8, fxsr, mmx, sse, sse2, sse3, ssse3, sse4.1, sse4.2, popcnt, avx, aes, clmul, tsc, tscinvbit

Memory: 4k page, physical 4150320k(1369252k free), swap 8298780k(4519104k free)

vm_info: Java HotSpot(TM) 64-Bit Server VM (25.131-b11) for windows-amd64 JRE (1.8.0_131-b11), built on Mar 15 2017 01:23:53 by "java_re" with MS VC++ 10.0 (VS2010)

time: Thu Jun 29 13:10:25 2017
elapsed time: 0 seconds (0d 0h 0m 0s)

