#
# A fatal error has been detected by the Java Runtime Environment:
#
#  EXCEPTION_ACCESS_VIOLATION (0xc0000005) at pc=0x0000000076ed8d08, pid=5432, tid=0x0000000000001104
#
# JRE version: Java(TM) SE Runtime Environment (8.0_131-b11) (build 1.8.0_131-b11)
# Java VM: Java HotSpot(TM) 64-Bit Server VM (25.131-b11 mixed mode windows-amd64 compressed oops)
# Problematic frame:
# C  [ntdll.dll+0x18d08]
#
# Failed to write core dump. Minidumps are not enabled by default on client versions of Windows
#
# If you would like to submit a bug report, please visit:
#   http://bugreport.java.com/bugreport/crash.jsp
#

---------------  T H R E A D  ---------------

Current thread (0x000000000040d800):  JavaThread "main" [_thread_in_Java, id=4356, stack(0x0000000002620000,0x0000000002720000)]

siginfo: ExceptionCode=0xc0000005, reading address 0x0000000002e204ed

Registers:
RAX=0x00000000027246a0, RBX=0x000000000271e0f0, RCX=0x0000000000000000, RDX=0x00000000029f0000
RSP=0x000000000271dfe0, RBP=0x0000000076ff2370, RSI=0x000000000271e980, RDI=0x00000000029f017c
R8 =0x0000000002e204ed, R9 =0x00000000029f0170, R10=0x0000000000000000, R11=0x000000000271e098
R12=0x000007fffffdd000, R13=0x0000000002e204ed, R14=0x00000000029f0000, R15=0x00000000029f0170
RIP=0x0000000076ed8d08, EFLAGS=0x0000000000010246

Top of Stack: (sp=0x000000000271dfe0)
0x000000000271dfe0:   000000000271e0b0 0000000000000000
0x000000000271dff0:   000000000271e0b0 0000000076ff2370
0x000000000271e000:   0000000054e4cb30 000007fffffdd000
0x000000000271e010:   0000000076ff2370 0000000000000000
0x000000000271e020:   00000000004b3430 0000000000000003
0x000000000271e030:   0000000002713000 0000000002720000
0x000000000271e040:   000000000271e980 0000000076ceba87
0x000000000271e050:   0000000000000000 000000000271e0e8
0x000000000271e060:   000007fffffdd000 0000000076f1f86d
0x000000000271e070:   000000000271e980 000000000271e0f8
0x000000000271e080:   000000000271e0f0 0000000000000000
0x000000000271e090:   0000000002713000 000000018005b980
0x000000000271e0a0:   000000000271e980 0000000002720000
0x000000000271e0b0:   00000000000127ec 0000000002b5f519
0x000000000271e0c0:   000000000271e980 000000000271e0f8
0x000000000271e0d0:   000000000271e0f0 0000000000000000 

Instructions: (pc=0x0000000076ed8d08)
0x0000000076ed8ce8:   0f 85 eb 02 00 00 48 8b b4 24 90 00 00 00 48 8b
0x0000000076ed8cf8:   9c 24 a0 00 00 00 48 8b 86 98 00 00 00 48 89 03
0x0000000076ed8d08:   41 0f b6 4d 00 48 89 6c 24 30 49 8b d5 80 f9 48
0x0000000076ed8d18:   0f 84 e2 01 00 00 0f b6 c1 24 fe 3c 48 0f 84 3a 


Register to memory mapping:

RAX=0x00000000027246a0 is an unknown value
RBX=0x000000000271e0f0 is pointing into the stack for thread: 0x000000000040d800
RCX=0x0000000000000000 is an unknown value
RDX=0x00000000029f0000 is an unknown value
RSP=0x000000000271dfe0 is pointing into the stack for thread: 0x000000000040d800
RBP=0x0000000076ff2370 is an unknown value
RSI=0x000000000271e980 is pointing into the stack for thread: 0x000000000040d800
RDI=0x00000000029f017c is at code_begin+28 in 
[CodeBlob (0x00000000029f0110)]
Framesize: 0
BufferBlob (0x00000000029f0110) used for CodeCache Exception Handler
R8 =0x0000000002e204ed is an unknown value
R9 =0x00000000029f0170 is at code_begin+16 in 
[CodeBlob (0x00000000029f0110)]
Framesize: 0
BufferBlob (0x00000000029f0110) used for CodeCache Exception Handler
R10=0x0000000000000000 is an unknown value
R11=0x000000000271e098 is pointing into the stack for thread: 0x000000000040d800
R12=0x000007fffffdd000 is an unknown value
R13=0x0000000002e204ed is an unknown value
R14=0x00000000029f0000 is an unknown value
R15=0x00000000029f0170 is at code_begin+16 in 
[CodeBlob (0x00000000029f0110)]
Framesize: 0
BufferBlob (0x00000000029f0110) used for CodeCache Exception Handler


Stack: [0x0000000002620000,0x0000000002720000],  sp=0x000000000271dfe0,  free space=1015k
Native frames: (J=compiled Java code, j=interpreted, Vv=VM code, C=native code)
C  [ntdll.dll+0x18d08]
C  [kernel32.dll+0x4ba87]
C  [cygwin1.dll+0x1b980]
C  [cygwin1.dll+0x1cd88]
C  [ntdll.dll+0x198eb]
C  [ntdll.dll+0xd5a7]
C  [ntdll.dll+0x4bcb8]
C  0x0000000002b5f352


---------------  P R O C E S S  ---------------

Java Threads: ( => current thread )
  0x0000000057781000 JavaThread "AWT-Windows" daemon [_thread_in_native, id=5824, stack(0x0000000058070000,0x0000000058170000)]
  0x0000000057780800 JavaThread "AWT-Shutdown" [_thread_blocked, id=4144, stack(0x0000000057230000,0x0000000057330000)]
  0x000000005777f800 JavaThread "Java2D Disposer" daemon [_thread_blocked, id=3744, stack(0x00000000564d0000,0x00000000565d0000)]
  0x0000000056ead800 JavaThread "Service Thread" daemon [_thread_blocked, id=3364, stack(0x00000000574b0000,0x00000000575b0000)]
  0x0000000056e32000 JavaThread "C1 CompilerThread2" daemon [_thread_blocked, id=376, stack(0x0000000057370000,0x0000000057470000)]
  0x0000000056e31000 JavaThread "C2 CompilerThread1" daemon [_thread_blocked, id=5176, stack(0x0000000056800000,0x0000000056900000)]
  0x0000000055415800 JavaThread "C2 CompilerThread0" daemon [_thread_blocked, id=4264, stack(0x0000000056d30000,0x0000000056e30000)]
  0x0000000055411800 JavaThread "Attach Listener" daemon [_thread_blocked, id=5216, stack(0x0000000056b00000,0x0000000056c00000)]
  0x000000005540e800 JavaThread "Signal Dispatcher" daemon [_thread_blocked, id=5068, stack(0x0000000056910000,0x0000000056a10000)]
  0x00000000553fc800 JavaThread "Finalizer" daemon [_thread_blocked, id=3888, stack(0x00000000566d0000,0x00000000567d0000)]
  0x00000000553b5800 JavaThread "Reference Handler" daemon [_thread_blocked, id=5448, stack(0x00000000565d0000,0x00000000566d0000)]
=>0x000000000040d800 JavaThread "main" [_thread_in_Java, id=4356, stack(0x0000000002620000,0x0000000002720000)]

Other Threads:
  0x00000000553ae000 VMThread [stack: 0x0000000056380000,0x0000000056480000] [id=3080]
  0x0000000056e70000 WatcherThread [stack: 0x0000000057670000,0x0000000057770000] [id=2392]

VM state:not at safepoint (normal execution)

VM Mutex/Monitor currently owned by a thread: None

Heap:
 PSYoungGen      total 18944K, used 2951K [0x00000000eae00000, 0x00000000ec300000, 0x0000000100000000)
  eden space 16384K, 18% used [0x00000000eae00000,0x00000000eb0e1d98,0x00000000ebe00000)
  from space 2560K, 0% used [0x00000000ec080000,0x00000000ec080000,0x00000000ec300000)
  to   space 2560K, 0% used [0x00000000ebe00000,0x00000000ebe00000,0x00000000ec080000)
 ParOldGen       total 44032K, used 0K [0x00000000c0a00000, 0x00000000c3500000, 0x00000000eae00000)
  object space 44032K, 0% used [0x00000000c0a00000,0x00000000c0a00000,0x00000000c3500000)
 Metaspace       used 6182K, capacity 6344K, committed 6528K, reserved 1056768K
  class space    used 704K, capacity 793K, committed 896K, reserved 1048576K

Card table byte_map: [0x0000000011db0000,0x0000000011fb0000] byte_map_base: 0x00000000117ab000

Marking Bits: (ParMarkBitMap*) 0x000000006131c720
 Begin Bits: [0x0000000012870000, 0x0000000013848000)
 End Bits:   [0x0000000013848000, 0x0000000014820000)

Polling page: 0x0000000000380000

CodeCache: size=245760Kb used=1545Kb max_used=1545Kb free=244214Kb
 bounds [0x00000000029f0000, 0x0000000002c60000, 0x00000000119f0000]
 total_blobs=579 nmethods=237 adapters=255
 compilation: enabled

Compilation events (10 events):
Event: 0.266 Thread 0x0000000056e32000  231       3       java.util.HashMap::get (23 bytes)
Event: 0.266 Thread 0x0000000056e32000 nmethod 231 0x0000000002b70c50 code [0x0000000002b70de0, 0x0000000002b711d8]
Event: 0.266 Thread 0x0000000056e32000  235       3       java.util.IdentityHashMap$IdentityHashMapIterator::hasNext (50 bytes)
Event: 0.267 Thread 0x0000000056e32000 nmethod 235 0x0000000002b71350 code [0x0000000002b714c0, 0x0000000002b71750]
Event: 0.267 Thread 0x0000000056e32000  236       3       java.util.AbstractMap::<init> (5 bytes)
Event: 0.267 Thread 0x0000000056e32000 nmethod 236 0x0000000002b71850 code [0x0000000002b719a0, 0x0000000002b71b50]
Event: 0.267 Thread 0x0000000056e32000  237       3       sun.awt.AppContext::getAppContext (51 bytes)
Event: 0.267 Thread 0x0000000056e32000 nmethod 237 0x0000000002b71c10 code [0x0000000002b71dc0, 0x0000000002b72418]
Event: 0.267 Thread 0x0000000056e32000  234       1       java.util.concurrent.atomic.AtomicInteger::get (5 bytes)
Event: 0.267 Thread 0x0000000056e32000 nmethod 234 0x0000000002b72590 code [0x0000000002b726e0, 0x0000000002b727f0]

GC Heap History (0 events):
No events

Deoptimization events (0 events):
No events

Internal exceptions (10 events):
Event: 0.054 Thread 0x000000000040d800 Exception <a 'java/lang/NoSuchMethodError': Method sun.misc.Unsafe.prefetchRead(Ljava/lang/Object;J)V name or signature does not match> (0x00000000eae07f90) thrown at [C:\re\workspace\8-2-build-windows-amd64-cygwin\jdk8u131\8869\hotspot\src\share\vm\prims
Event: 0.118 Thread 0x000000000040d800 Exception <a 'java/security/PrivilegedActionException'> (0x00000000eae8b4d8) thrown at [C:\re\workspace\8-2-build-windows-amd64-cygwin\jdk8u131\8869\hotspot\src\share\vm\prims\jvm.cpp, line 1390]
Event: 0.118 Thread 0x000000000040d800 Exception <a 'java/security/PrivilegedActionException'> (0x00000000eae8b6e8) thrown at [C:\re\workspace\8-2-build-windows-amd64-cygwin\jdk8u131\8869\hotspot\src\share\vm\prims\jvm.cpp, line 1390]
Event: 0.119 Thread 0x000000000040d800 Exception <a 'java/security/PrivilegedActionException'> (0x00000000eae8f5f8) thrown at [C:\re\workspace\8-2-build-windows-amd64-cygwin\jdk8u131\8869\hotspot\src\share\vm\prims\jvm.cpp, line 1390]
Event: 0.119 Thread 0x000000000040d800 Exception <a 'java/security/PrivilegedActionException'> (0x00000000eae8f808) thrown at [C:\re\workspace\8-2-build-windows-amd64-cygwin\jdk8u131\8869\hotspot\src\share\vm\prims\jvm.cpp, line 1390]
Event: 0.124 Thread 0x000000000040d800 Exception <a 'java/io/FileNotFoundException'> (0x00000000eae91e20) thrown at [C:\re\workspace\8-2-build-windows-amd64-cygwin\jdk8u131\8869\hotspot\src\share\vm\prims\jni.cpp, line 709]
Event: 0.155 Thread 0x000000000040d800 Exception <a 'java/lang/NoSuchFieldError': method resolution failed> (0x00000000eafb1750) thrown at [C:\re\workspace\8-2-build-windows-amd64-cygwin\jdk8u131\8869\hotspot\src\share\vm\prims\methodHandles.cpp, line 1146]
Event: 0.157 Thread 0x000000000040d800 Exception <a 'java/lang/NoSuchFieldError': method resolution failed> (0x00000000eafbeb20) thrown at [C:\re\workspace\8-2-build-windows-amd64-cygwin\jdk8u131\8869\hotspot\src\share\vm\prims\methodHandles.cpp, line 1146]
Event: 0.192 Thread 0x000000000040d800 Exception <a 'java/io/FileNotFoundException'> (0x00000000eb052b58) thrown at [C:\re\workspace\8-2-build-windows-amd64-cygwin\jdk8u131\8869\hotspot\src\share\vm\prims\jni.cpp, line 709]
Event: 0.269 Thread 0x000000000040d800 Implicit null exception at 0x0000000002b5f352 to 0x0000000002b5f519

Events (10 events):
Event: 0.268 loading class javax/swing/UIManager$1
Event: 0.268 loading class javax/swing/UIManager$1 done
Event: 0.268 loading class javax/swing/plaf/metal/MetalLookAndFeel
Event: 0.268 loading class javax/swing/plaf/basic/BasicLookAndFeel
Event: 0.268 loading class javax/swing/LookAndFeel
Event: 0.269 loading class javax/swing/LookAndFeel done
Event: 0.269 loading class javax/swing/plaf/basic/BasicLookAndFeel done
Event: 0.269 loading class javax/swing/plaf/metal/MetalLookAndFeel done
Event: 0.269 loading class sun/swing/DefaultLookup
Event: 0.269 loading class sun/swing/DefaultLookup done


Dynamic libraries:
0x000000013fe50000 - 0x000000013fe87000 	C:\Program Files\Java\jdk1.8.0_131\bin\java.exe
0x0000000076ec0000 - 0x000000007706a000 	C:\Windows\SYSTEM32\ntdll.dll
0x0000000076ca0000 - 0x0000000076dbf000 	C:\Windows\system32\kernel32.dll
0x000007fefcd50000 - 0x000007fefcdba000 	C:\Windows\system32\KERNELBASE.dll
0x000007fefeb10000 - 0x000007fefebeb000 	C:\Windows\system32\ADVAPI32.dll
0x000007fefd4a0000 - 0x000007fefd53f000 	C:\Windows\system32\msvcrt.dll
0x000007fefd540000 - 0x000007fefd55f000 	C:\Windows\SYSTEM32\sechost.dll
0x000007fefdbf0000 - 0x000007fefdd1d000 	C:\Windows\system32\RPCRT4.dll
0x0000000076dc0000 - 0x0000000076eba000 	C:\Windows\system32\USER32.dll
0x000007fefdb80000 - 0x000007fefdbe7000 	C:\Windows\system32\GDI32.dll
0x000007fefd8f0000 - 0x000007fefd8fe000 	C:\Windows\system32\LPK.dll
0x000007fefd080000 - 0x000007fefd14b000 	C:\Windows\system32\USP10.dll
0x000007fefb280000 - 0x000007fefb474000 	C:\Windows\WinSxS\amd64_microsoft.windows.common-controls_6595b64144ccf1df_6.0.7601.18837_none_fa3b1e3d17594757\COMCTL32.dll
0x000007fefd150000 - 0x000007fefd1c1000 	C:\Windows\system32\SHLWAPI.dll
0x000007fefdb50000 - 0x000007fefdb7e000 	C:\Windows\system32\IMM32.DLL
0x000007fefcf70000 - 0x000007fefd079000 	C:\Windows\system32\MSCTF.dll
0x0000000180000000 - 0x000000018001f000 	C:\Windows\system32\privman64.dll
0x000007fefca70000 - 0x000007fefca7c000 	C:\Windows\system32\VERSION.dll
0x000007fefdd80000 - 0x000007fefeb0b000 	C:\Windows\system32\SHELL32.dll
0x0000000074850000 - 0x0000000074923000 	C:\Windows\WinSxS\amd64_microsoft.vc90.crt_1fc8b3b9a1e18e3b_9.0.30729.6161_none_08e61857a83bc251\MSVCP90.dll
0x00000000747a0000 - 0x0000000074843000 	C:\Windows\WinSxS\amd64_microsoft.vc90.crt_1fc8b3b9a1e18e3b_9.0.30729.6161_none_08e61857a83bc251\MSVCR90.dll
0x0000000067760000 - 0x0000000067832000 	C:\Program Files\Java\jdk1.8.0_131\jre\bin\msvcr100.dll
0x0000000060b00000 - 0x000000006139c000 	C:\Program Files\Java\jdk1.8.0_131\jre\bin\server\jvm.dll
0x000007fef8b90000 - 0x000007fef8b99000 	C:\Windows\system32\WSOCK32.dll
0x000007fefd740000 - 0x000007fefd78d000 	C:\Windows\system32\WS2_32.dll
0x000007fefefc0000 - 0x000007fefefc8000 	C:\Windows\system32\NSI.dll
0x000007fef9df0000 - 0x000007fef9e2b000 	C:\Windows\system32\WINMM.dll
0x0000000077090000 - 0x0000000077097000 	C:\Windows\system32\PSAPI.DLL
0x000000006bab0000 - 0x000000006babf000 	C:\Program Files\Java\jdk1.8.0_131\jre\bin\verify.dll
0x00000000678b0000 - 0x00000000678d9000 	C:\Program Files\Java\jdk1.8.0_131\jre\bin\java.dll
0x0000000067d90000 - 0x0000000067da6000 	C:\Program Files\Java\jdk1.8.0_131\jre\bin\zip.dll
0x000007fefefd0000 - 0x000007feff1cc000 	C:\Windows\system32\ole32.dll
0x000007fefcbc0000 - 0x000007fefcbcf000 	C:\Windows\system32\profapi.dll
0x0000000538ab0000 - 0x0000000538ac8000 	C:\Users\andmcnut\Documents\NetBeansProjects\Physics\src\physics\launcher.dll
0x0000000180040000 - 0x0000000180610000 	C:\cygwin64\bin\cygwin1.dll
0x00000003f4670000 - 0x00000003f468a000 	C:\cygwin64\bin\cyggcc_s-seh-1.dll
0x00000003eaa80000 - 0x00000003eabd2000 	C:\cygwin64\bin\cygstdc++-6.dll
0x00000000669d0000 - 0x0000000066b68000 	C:\Program Files\Java\jdk1.8.0_131\jre\bin\awt.dll
0x000007fefd810000 - 0x000007fefd8ea000 	C:\Windows\system32\OLEAUT32.dll
0x000007fefaaf0000 - 0x000007fefab08000 	C:\Windows\system32\DWMAPI.DLL
0x000007feea1e0000 - 0x000007feea2fd000 	C:\Windows\system32\opengl32.dll
0x000007fef0a40000 - 0x000007fef0a6d000 	C:\Windows\system32\GLU32.dll
0x000007fee9ec0000 - 0x000007fee9fb1000 	C:\Windows\system32\DDRAW.dll
0x000007fef0fb0000 - 0x000007fef0fb8000 	C:\Windows\system32\DCIMAN32.dll
0x000007fefd560000 - 0x000007fefd737000 	C:\Windows\system32\SETUPAPI.dll
0x000007fefcc20000 - 0x000007fefcc56000 	C:\Windows\system32\CFGMGR32.dll
0x000007fefcdc0000 - 0x000007fefcdda000 	C:\Windows\system32\DEVOBJ.dll
0x000007fefb220000 - 0x000007fefb276000 	C:\Windows\system32\uxtheme.dll
0x000007fefca40000 - 0x000007fefca4f000 	C:\Windows\system32\CRYPTBASE.dll
0x000007fee8c70000 - 0x000007fee8e6f000 	C:\Windows\system32\d3d9.dll
0x000007fef9b10000 - 0x000007fef9b17000 	C:\Windows\system32\d3d8thk.dll
0x000007fef9b20000 - 0x000007fef9b2e000 	C:\Windows\system32\atiu9p64.dll
0x00000000646b0000 - 0x0000000064dd3000 	C:\Windows\system32\atiumd64.dll
0x0000000065120000 - 0x000000006550c000 	C:\Windows\system32\atiumd6a.dll
0x000007fef89f0000 - 0x000007fef8b15000 	C:\Windows\system32\dbghelp.dll

VM Arguments:
jvm_args: -Dfile.encoding=UTF-8 
java_command: physics.Physics
java_class_path (initial): C:\Users\andmcnut\Documents\NetBeansProjects\Physics\src\include;C:\Users\andmcnut\Documents\NetBeansProjects\Physics\build\classes
Launcher Type: SUN_STANDARD

Environment Variables:
PATH=C:\ProgramData\Oracle\Java\javapath;C:\Windows\system32;C:\Windows;C:\Windows\System32\Wbem;C:\Windows\System32\WindowsPowerShell\v1.0\;C:\Program Files\Java\jdk1.8.0_131\bin;C:\cygwin64\bin
USERNAME=andmcnut
OS=Windows_NT
PROCESSOR_IDENTIFIER=Intel64 Family 6 Model 42 Stepping 7, GenuineIntel



---------------  S Y S T E M  ---------------

OS: Windows 7 , 64 bit Build 7601 (6.1.7601.23807)

CPU:total 4 (initial active 4) (4 cores per cpu, 1 threads per core) family 6 model 42 stepping 7, cmov, cx8, fxsr, mmx, sse, sse2, sse3, ssse3, sse4.1, sse4.2, popcnt, avx, aes, clmul, tsc, tscinvbit

Memory: 4k page, physical 4150320k(1652760k free), swap 8298780k(4883812k free)

vm_info: Java HotSpot(TM) 64-Bit Server VM (25.131-b11) for windows-amd64 JRE (1.8.0_131-b11), built on Mar 15 2017 01:23:53 by "java_re" with MS VC++ 10.0 (VS2010)

time: Thu Jun 29 10:53:25 2017
elapsed time: 0 seconds (0d 0h 0m 0s)

